c:\users\kamil\documents\projekty\nieskonczone\cpp\bootleg project\bootleg project\bootleg project\x64\release\vc143.pdb
c:\users\kamil\documents\projekty\nieskonczone\cpp\bootleg project\bootleg project\bootleg project\x64\release\bootleg project.obj
c:\users\kamil\documents\projekty\nieskonczone\cpp\bootleg project\bootleg project\bootleg project\x64\release\animation.obj
c:\users\kamil\documents\projekty\nieskonczone\cpp\bootleg project\bootleg project\bootleg project\x64\release\animatedsprite.obj
c:\users\kamil\documents\projekty\nieskonczone\cpp\bootleg project\bootleg project\bootleg project\x64\release\board.obj
c:\users\kamil\documents\projekty\nieskonczone\cpp\bootleg project\bootleg project\bootleg project\x64\release\entity.obj
c:\users\kamil\documents\projekty\nieskonczone\cpp\bootleg project\bootleg project\bootleg project\x64\release\constants.obj
c:\users\kamil\documents\projekty\nieskonczone\cpp\bootleg project\bootleg project\bootleg project\x64\release\bullet.obj
c:\users\kamil\documents\projekty\nieskonczone\cpp\bootleg project\bootleg project\bootleg project\x64\release\sound.obj
c:\users\kamil\documents\projekty\nieskonczone\cpp\bootleg project\bootleg project\bootleg project\x64\release\score.obj
c:\users\kamil\documents\projekty\nieskonczone\cpp\bootleg project\bootleg project\bootleg project\x64\release\points.obj
c:\users\kamil\documents\projekty\nieskonczone\cpp\bootleg project\bootleg project\bootleg project\x64\release\player.obj
c:\users\kamil\documents\projekty\nieskonczone\cpp\bootleg project\bootleg project\bootleg project\x64\release\enemy.obj
c:\users\kamil\documents\projekty\nieskonczone\cpp\bootleg project\bootleg project\bootleg project\x64\release\danmaku.obj
c:\users\kamil\documents\projekty\nieskonczone\cpp\bootleg project\bootleg project\bootleg project\x64\release\spritemanager.obj
c:\users\kamil\documents\projekty\nieskonczone\cpp\bootleg project\bootleg project\bootleg project\x64\release\pointsonboard.obj
c:\users\kamil\documents\projekty\nieskonczone\cpp\bootleg project\bootleg project\bootleg project\x64\release\enemiesonboard.obj
c:\users\kamil\documents\projekty\nieskonczone\cpp\bootleg project\bootleg project\bootleg project\x64\release\hud.obj
c:\users\kamil\documents\projekty\nieskonczone\cpp\bootleg project\bootleg project\bootleg project\x64\release\gamemanager.obj
c:\users\kamil\documents\projekty\nieskonczone\cpp\bootleg project\bootleg project\x64\release\bootleg project.exe
c:\users\kamil\documents\projekty\nieskonczone\cpp\bootleg project\bootleg project\x64\release\bootleg project.pdb
c:\users\kamil\documents\projekty\nieskonczone\cpp\bootleg project\bootleg project\bootleg project\x64\release\bootleg project.ipdb
c:\users\kamil\documents\projekty\nieskonczone\cpp\bootleg project\bootleg project\bootleg project\x64\release\bootleg project.iobj
c:\users\kamil\documents\projekty\nieskonczone\cpp\bootleg project\bootleg project\bootleg project\x64\release\gameboard.obj
c:\users\kamil\documents\projekty\nieskonczone\cpp\bootleg project\bootleg project\bootleg project\x64\release\gameconstants.obj
c:\users\kamil\documents\projekty\nieskonczone\cpp\bootleg project\bootleg project\bootleg project\x64\release\gamespecificconstants.obj
c:\users\kamil\documents\projekty\nieskonczone\cpp\bootleg project\bootleg project\bootleg project\x64\release\bootleg project.tlog\cl.command.1.tlog
c:\users\kamil\documents\projekty\nieskonczone\cpp\bootleg project\bootleg project\bootleg project\x64\release\bootleg project.tlog\cl.items.tlog
c:\users\kamil\documents\projekty\nieskonczone\cpp\bootleg project\bootleg project\bootleg project\x64\release\bootleg project.tlog\cl.read.1.tlog
c:\users\kamil\documents\projekty\nieskonczone\cpp\bootleg project\bootleg project\bootleg project\x64\release\bootleg project.tlog\cl.write.1.tlog
c:\users\kamil\documents\projekty\nieskonczone\cpp\bootleg project\bootleg project\bootleg project\x64\release\bootleg project.tlog\link.command.1.tlog
c:\users\kamil\documents\projekty\nieskonczone\cpp\bootleg project\bootleg project\bootleg project\x64\release\bootleg project.tlog\link.read.1.tlog
c:\users\kamil\documents\projekty\nieskonczone\cpp\bootleg project\bootleg project\bootleg project\x64\release\bootleg project.tlog\link.secondary.1.tlog
c:\users\kamil\documents\projekty\nieskonczone\cpp\bootleg project\bootleg project\bootleg project\x64\release\bootleg project.tlog\link.write.1.tlog
